app/build/intermediates/manifest_merge_blame_file/debug/processDebugMainManifest/manifest-merger-blame-debug-report.txt
1<?xml version="1.0" encoding="utf-8"?>
2<manifest xmlns:android="http://schemas.android.com/apk/res/android"
3    package="com.bmwe60coderpro"
4    android:versionCode="1"
5    android:versionName="1.0.0" >
6
7    <uses-sdk
8        android:minSdkVersion="26"
9        android:targetSdkVersion="35" />
10
11    <!-- USB OBD2 -->
12    <uses-feature
12-->src\main\AndroidManifest.xml:6:5-86
13        android:name="android.hardware.usb.host"
13-->src\main\AndroidManifest.xml:6:19-59
14        android:required="true" />
14-->src\main\AndroidManifest.xml:6:60-83
15
16    <uses-permission android:name="android.permission.INTERNET" />
16-->src\main\AndroidManifest.xml:7:5-67
16-->src\main\AndroidManifest.xml:7:22-64
17    <uses-permission android:name="android.permission.ACCESS_NETWORK_STATE" />
17-->src\main\AndroidManifest.xml:8:5-79
17-->src\main\AndroidManifest.xml:8:22-76
18
19    <!-- Bluetooth ELM327 -->
20    <uses-permission android:name="android.permission.BLUETOOTH" />
20-->src\main\AndroidManifest.xml:11:5-68
20-->src\main\AndroidManifest.xml:11:22-65
21    <uses-permission android:name="android.permission.BLUETOOTH_ADMIN" />
21-->src\main\AndroidManifest.xml:12:5-74
21-->src\main\AndroidManifest.xml:12:22-71
22    <uses-permission android:name="android.permission.BLUETOOTH_CONNECT" />
22-->src\main\AndroidManifest.xml:13:5-76
22-->src\main\AndroidManifest.xml:13:22-73
23    <uses-permission android:name="android.permission.BLUETOOTH_SCAN" />
23-->src\main\AndroidManifest.xml:14:5-73
23-->src\main\AndroidManifest.xml:14:22-70
24    <uses-permission android:name="android.permission.ACCESS_FINE_LOCATION" />
24-->src\main\AndroidManifest.xml:15:5-79
24-->src\main\AndroidManifest.xml:15:22-76
25    <uses-permission android:name="android.permission.ACCESS_COARSE_LOCATION" />
25-->src\main\AndroidManifest.xml:16:5-81
25-->src\main\AndroidManifest.xml:16:22-78
26
27    <!-- Keep screen on during coding -->
28    <uses-permission android:name="android.permission.WAKE_LOCK" />
28-->src\main\AndroidManifest.xml:19:5-68
28-->src\main\AndroidManifest.xml:19:22-65
29
30    <!-- Foreground service (required Android 9+) -->
31    <uses-permission android:name="android.permission.FOREGROUND_SERVICE" />
31-->src\main\AndroidManifest.xml:22:5-77
31-->src\main\AndroidManifest.xml:22:22-74
32    <uses-permission android:name="android.permission.FOREGROUND_SERVICE_CONNECTED_DEVICE" />
32-->src\main\AndroidManifest.xml:23:5-94
32-->src\main\AndroidManifest.xml:23:22-91
33
34    <!-- Notifications for foreground service (required Android 13+) -->
35    <uses-permission android:name="android.permission.POST_NOTIFICATIONS" />
35-->src\main\AndroidManifest.xml:26:5-77
35-->src\main\AndroidManifest.xml:26:22-74
36
37    <!-- Controller/gamepad -->
38    <uses-feature
38-->src\main\AndroidManifest.xml:29:5-86
39        android:name="android.hardware.gamepad"
39-->src\main\AndroidManifest.xml:29:19-58
40        android:required="false" />
40-->src\main\AndroidManifest.xml:29:59-83
41
42    <permission
42-->[androidx.core:core:1.13.1] AndroidManifest.xml:22:5-24:47
43        android:name="com.bmwe60coderpro.DYNAMIC_RECEIVER_NOT_EXPORTED_PERMISSION"
43-->[androidx.core:core:1.13.1] AndroidManifest.xml:23:9-81
44        android:protectionLevel="signature" />
44-->[androidx.core:core:1.13.1] AndroidManifest.xml:24:9-44
45
46    <uses-permission android:name="com.bmwe60coderpro.DYNAMIC_RECEIVER_NOT_EXPORTED_PERMISSION" />
46-->[androidx.core:core:1.13.1] AndroidManifest.xml:26:5-97
46-->[androidx.core:core:1.13.1] AndroidManifest.xml:26:22-94
47
48    <application
48-->src\main\AndroidManifest.xml:31:5-66:19
49        android:allowBackup="true"
49-->src\main\AndroidManifest.xml:33:9-35
50        android:appComponentFactory="androidx.core.app.CoreComponentFactory"
50-->[androidx.core:core:1.13.1] AndroidManifest.xml:28:18-86
51        android:debuggable="true"
52        android:extractNativeLibs="true"
52-->src\main\AndroidManifest.xml:39:9-41
53        android:icon="@mipmap/ic_launcher"
53-->src\main\AndroidManifest.xml:34:9-43
54        android:label="@string/app_name"
54-->src\main\AndroidManifest.xml:36:9-41
55        android:requestLegacyExternalStorage="true"
55-->src\main\AndroidManifest.xml:40:9-52
56        android:roundIcon="@mipmap/ic_launcher_round"
56-->src\main\AndroidManifest.xml:35:9-54
57        android:testOnly="true"
58        android:theme="@style/Theme.BMWE60CoderPro"
58-->src\main\AndroidManifest.xml:37:9-52
59        android:usesCleartextTraffic="true" >
59-->src\main\AndroidManifest.xml:38:9-44
60        <activity
60-->src\main\AndroidManifest.xml:42:9-59:20
61            android:name="com.bmwe60coderpro.MainActivity"
61-->src\main\AndroidManifest.xml:43:13-41
62            android:configChanges="orientation|screenSize|keyboardHidden"
62-->src\main\AndroidManifest.xml:46:13-74
63            android:exported="true"
63-->src\main\AndroidManifest.xml:44:13-36
64            android:launchMode="singleTask" >
64-->src\main\AndroidManifest.xml:45:13-44
65            <intent-filter>
65-->src\main\AndroidManifest.xml:47:13-50:29
66                <action android:name="android.intent.action.MAIN" />
66-->src\main\AndroidManifest.xml:48:17-69
66-->src\main\AndroidManifest.xml:48:25-66
67
68                <category android:name="android.intent.category.LAUNCHER" />
68-->src\main\AndroidManifest.xml:49:17-77
68-->src\main\AndroidManifest.xml:49:27-74
69            </intent-filter>
70
71            <!-- USB device attached -->
72            <intent-filter>
72-->src\main\AndroidManifest.xml:53:13-55:29
73                <action android:name="android.hardware.usb.action.USB_DEVICE_ATTACHED" />
73-->src\main\AndroidManifest.xml:54:17-90
73-->src\main\AndroidManifest.xml:54:25-87
74            </intent-filter>
75
76            <meta-data
76-->src\main\AndroidManifest.xml:56:13-58:57
77                android:name="android.hardware.usb.action.USB_DEVICE_ATTACHED"
77-->src\main\AndroidManifest.xml:57:17-79
78                android:resource="@xml/device_filter" />
78-->src\main\AndroidManifest.xml:58:17-54
79        </activity>
80
81        <service
81-->src\main\AndroidManifest.xml:61:9-64:40
82            android:name="com.bmwe60coderpro.service.DiagnosticService"
82-->src\main\AndroidManifest.xml:62:13-54
83            android:exported="false"
83-->src\main\AndroidManifest.xml:64:13-37
84            android:foregroundServiceType="connectedDevice" />
84-->src\main\AndroidManifest.xml:63:13-60
85
86        <activity
86-->[androidx.compose.ui:ui-tooling-android:1.6.8] AndroidManifest.xml:23:9-25:39
87            android:name="androidx.compose.ui.tooling.PreviewActivity"
87-->[androidx.compose.ui:ui-tooling-android:1.6.8] AndroidManifest.xml:24:13-71
88            android:exported="true" />
88-->[androidx.compose.ui:ui-tooling-android:1.6.8] AndroidManifest.xml:25:13-36
89        <activity
89-->[androidx.compose.ui:ui-test-manifest:1.6.8] AndroidManifest.xml:23:9-25:39
90            android:name="androidx.activity.ComponentActivity"
90-->[androidx.compose.ui:ui-test-manifest:1.6.8] AndroidManifest.xml:24:13-63
91            android:exported="true" />
91-->[androidx.compose.ui:ui-test-manifest:1.6.8] AndroidManifest.xml:25:13-36
92
93        <provider
93-->[androidx.emoji2:emoji2:1.3.0] AndroidManifest.xml:24:9-32:20
94            android:name="androidx.startup.InitializationProvider"
94-->[androidx.emoji2:emoji2:1.3.0] AndroidManifest.xml:25:13-67
95            android:authorities="com.bmwe60coderpro.androidx-startup"
95-->[androidx.emoji2:emoji2:1.3.0] AndroidManifest.xml:26:13-68
96            android:exported="false" >
96-->[androidx.emoji2:emoji2:1.3.0] AndroidManifest.xml:27:13-37
97            <meta-data
97-->[androidx.emoji2:emoji2:1.3.0] AndroidManifest.xml:29:13-31:52
98                android:name="androidx.emoji2.text.EmojiCompatInitializer"
98-->[androidx.emoji2:emoji2:1.3.0] AndroidManifest.xml:30:17-75
99                android:value="androidx.startup" />
99-->[androidx.emoji2:emoji2:1.3.0] AndroidManifest.xml:31:17-49
100            <meta-data
100-->[androidx.lifecycle:lifecycle-process:2.8.3] AndroidManifest.xml:29:13-31:52
101                android:name="androidx.lifecycle.ProcessLifecycleInitializer"
101-->[androidx.lifecycle:lifecycle-process:2.8.3] AndroidManifest.xml:30:17-78
102                android:value="androidx.startup" />
102-->[androidx.lifecycle:lifecycle-process:2.8.3] AndroidManifest.xml:31:17-49
103            <meta-data
103-->[androidx.profileinstaller:profileinstaller:1.3.1] AndroidManifest.xml:29:13-31:52
104                android:name="androidx.profileinstaller.ProfileInstallerInitializer"
104-->[androidx.profileinstaller:profileinstaller:1.3.1] AndroidManifest.xml:30:17-85
105                android:value="androidx.startup" />
105-->[androidx.profileinstaller:profileinstaller:1.3.1] AndroidManifest.xml:31:17-49
106        </provider>
107
108        <receiver
108-->[androidx.profileinstaller:profileinstaller:1.3.1] AndroidManifest.xml:34:9-52:20
109            android:name="androidx.profileinstaller.ProfileInstallReceiver"
109-->[androidx.profileinstaller:profileinstaller:1.3.1] AndroidManifest.xml:35:13-76
110            android:directBootAware="false"
110-->[androidx.profileinstaller:profileinstaller:1.3.1] AndroidManifest.xml:36:13-44
111            android:enabled="true"
111-->[androidx.profileinstaller:profileinstaller:1.3.1] AndroidManifest.xml:37:13-35
112            android:exported="true"
112-->[androidx.profileinstaller:profileinstaller:1.3.1] AndroidManifest.xml:38:13-36
113            android:permission="android.permission.DUMP" >
113-->[androidx.profileinstaller:profileinstaller:1.3.1] AndroidManifest.xml:39:13-57
114            <intent-filter>
114-->[androidx.profileinstaller:profileinstaller:1.3.1] AndroidManifest.xml:40:13-42:29
115                <action android:name="androidx.profileinstaller.action.INSTALL_PROFILE" />
115-->[androidx.profileinstaller:profileinstaller:1.3.1] AndroidManifest.xml:41:17-91
115-->[androidx.profileinstaller:profileinstaller:1.3.1] AndroidManifest.xml:41:25-88
116            </intent-filter>
117            <intent-filter>
117-->[androidx.profileinstaller:profileinstaller:1.3.1] AndroidManifest.xml:43:13-45:29
118                <action android:name="androidx.profileinstaller.action.SKIP_FILE" />
118-->[androidx.profileinstaller:profileinstaller:1.3.1] AndroidManifest.xml:44:17-85
118-->[androidx.profileinstaller:profileinstaller:1.3.1] AndroidManifest.xml:44:25-82
119            </intent-filter>
120            <intent-filter>
120-->[androidx.profileinstaller:profileinstaller:1.3.1] AndroidManifest.xml:46:13-48:29
121                <action android:name="androidx.profileinstaller.action.SAVE_PROFILE" />
121-->[androidx.profileinstaller:profileinstaller:1.3.1] AndroidManifest.xml:47:17-88
121-->[androidx.profileinstaller:profileinstaller:1.3.1] AndroidManifest.xml:47:25-85
122            </intent-filter>
123            <intent-filter>
123-->[androidx.profileinstaller:profileinstaller:1.3.1] AndroidManifest.xml:49:13-51:29
124                <action android:name="androidx.profileinstaller.action.BENCHMARK_OPERATION" />
124-->[androidx.profileinstaller:profileinstaller:1.3.1] AndroidManifest.xml:50:17-95
124-->[androidx.profileinstaller:profileinstaller:1.3.1] AndroidManifest.xml:50:25-92
125            </intent-filter>
126        </receiver>
127    </application>
128
129</manifest>